#
# There is insufficient memory for the Java Runtime Environment to continue.
# Native memory allocation (mmap) failed to map 5242880 bytes for Failed to commit area from 0x0000000084a00000 to 0x0000000084f00000 of length 5242880.
# Possible reasons:
#   The system is out of physical RAM or swap space
#   The process is running with CompressedOops enabled, and the Java Heap may be blocking the growth of the native heap
# Possible solutions:
#   Reduce memory load on the system
#   Increase physical memory or swap space
#   Check if swap backing store is full
#   Decrease Java heap size (-Xmx/-Xms)
#   Decrease number of Java threads
#   Decrease Java thread stack sizes (-Xss)
#   Set larger code cache with -XX:ReservedCodeCacheSize=
#   JVM is running with Unscaled Compressed Oops mode in which the Java heap is
#     placed in the first 4GB address space. The Java Heap base address is the
#     maximum limit for the native heap growth. Please use -XX:HeapBaseMinAddress
#     to set the Java Heap base and to place the Java Heap above 4GB virtual address.
# This output file may be truncated or incomplete.
#
#  Out of Memory Error (t:/workspace/open/src/hotspot/os/windows/os_windows.cpp:3301), pid=15268, tid=20692
#
# JRE version: Java(TM) SE Runtime Environment (13.0.2+8) (build 13.0.2+8)
# Java VM: Java HotSpot(TM) 64-Bit Server VM (13.0.2+8, mixed mode, sharing, tiered, compressed oops, g1 gc, windows-amd64)
# No core dump will be written. Minidumps are not enabled by default on client versions of Windows
#

---------------  S U M M A R Y ------------

Command Line: -XX:TieredStopAtLevel=1 -Xverify:none -Dspring.output.ansi.enabled=always -Dcom.sun.management.jmxremote -Dspring.jmx.enabled=true -Dspring.liveBeansView.mbeanDomain -Dspring.application.admin.enabled=true -javaagent:D:\IDEA\IntelliJ IDEA 2020.1\lib\idea_rt.jar=54501:D:\IDEA\IntelliJ IDEA 2020.1\bin -Dfile.encoding=UTF-8 com.tangyi.learn.LearnApplication

Host: Intel(R) Core(TM) i5-8250U CPU @ 1.60GHz, 8 cores, 7G,  Windows 10 , 64 bit Build 19041 (10.0.19041.804)
Time: Mon Mar 29 09:59:42 2021 中国标准时间 elapsed time: 37843 seconds (0d 10h 30m 43s)

---------------  T H R E A D  ---------------

Current thread (0x000001c74fa62000):  VMThread "VM Thread" [stack: 0x000000a77d700000,0x000000a77d800000] [id=20692]

Stack: [0x000000a77d700000,0x000000a77d800000]
[error occurred during error reporting (printing stack bounds), id 0xc0000005, EXCEPTION_ACCESS_VIOLATION (0xc0000005) at pc=0x000001c7390c10ad]

Native frames: (J=compiled Java code, j=interpreted, Vv=VM code, C=native code)
V  [jvm.dll+0x624f9a]
V  [jvm.dll+0x770cfa]
V  [jvm.dll+0x7724af]
V  [jvm.dll+0x772a15]
V  [jvm.dll+0x7729cb]
V  [jvm.dll+0x6244df]
C  [ntdll.dll+0x785cc]
C  [ntdll.dll+0x4b576]
C  [ntdll.dll+0xa04ae]
C  0x000001c7390c10ad

VM_Operation (0x000000a77d3ff960): G1Concurrent, mode: safepoint, requested by thread 0x000001c730c4e000


---------------  P R O C E S S  ---------------

Threads class SMR info:
_java_thread_list=0x000001c750d16590, length=32, elements={
0x000001c74fa67000, 0x000001c74fa68000, 0x000001c74fa8a800, 0x000001c74fa8c800,
0x000001c74fa8d800, 0x000001c74fa90800, 0x000001c74fa4b800, 0x000001c75055d000,
0x000001c750564000, 0x000001c750a8c800, 0x000001c751b18800, 0x000001c751b6d800,
0x000001c751b6e800, 0x000001c751b8c800, 0x000001c751baf000, 0x000001c751da7000,
0x000001c751da8000, 0x000001c751dbb800, 0x000001c751db8800, 0x000001c751db6000,
0x000001c751db9000, 0x000001c751dba000, 0x000001c751dbb000, 0x000001c751dbc800,
0x000001c751db6800, 0x000001c751db7800, 0x000001c751dce000, 0x000001c751dcd000,
0x000001c751dcf000, 0x000001c751dcc800, 0x000001c751dcb800, 0x000001c751dcf800
}

Java Threads: ( => current thread )
  0x000001c74fa67000 JavaThread "Reference Handler" daemon [_thread_blocked, id=21384, stack(0x000000a77d800000,0x000000a77d900000)]
  0x000001c74fa68000 JavaThread "Finalizer" daemon [_thread_blocked, id=11436, stack(0x000000a77d900000,0x000000a77da00000)]
  0x000001c74fa8a800 JavaThread "Signal Dispatcher" daemon [_thread_blocked, id=15184, stack(0x000000a77da00000,0x000000a77db00000)]
  0x000001c74fa8c800 JavaThread "Attach Listener" daemon [_thread_blocked, id=15968, stack(0x000000a77db00000,0x000000a77dc00000)]
  0x000001c74fa8d800 JavaThread "C1 CompilerThread0" daemon [_thread_blocked, id=23148, stack(0x000000a77dc00000,0x000000a77dd00000)]
  0x000001c74fa90800 JavaThread "Sweeper thread" daemon [_thread_blocked, id=4332, stack(0x000000a77dd00000,0x000000a77de00000)]
  0x000001c74fa4b800 JavaThread "Common-Cleaner" daemon [_thread_blocked, id=4816, stack(0x000000a77de00000,0x000000a77df00000)]
  0x000001c75055d000 JavaThread "Monitor Ctrl-Break" daemon [_thread_in_native, id=4960, stack(0x000000a77df00000,0x000000a77e000000)]
  0x000001c750564000 JavaThread "Service Thread" daemon [_thread_blocked, id=13732, stack(0x000000a77e000000,0x000000a77e100000)]
  0x000001c750a8c800 JavaThread "RMI TCP Accept-0" daemon [_thread_in_native, id=17880, stack(0x000000a77e100000,0x000000a77e200000)]
  0x000001c751b18800 JavaThread "RMI Scheduler(0)" daemon [_thread_blocked, id=10680, stack(0x000000a77e900000,0x000000a77ea00000)]
  0x000001c751b6d800 JavaThread "Catalina-utility-1" [_thread_blocked, id=9884, stack(0x000000a77ea00000,0x000000a77eb00000)]
  0x000001c751b6e800 JavaThread "Catalina-utility-2" [_thread_blocked, id=12896, stack(0x000000a77eb00000,0x000000a77ec00000)]
  0x000001c751b8c800 JavaThread "container-0" [_thread_blocked, id=24112, stack(0x000000a77ec00000,0x000000a77ed00000)]
  0x000001c751baf000 JavaThread "mysql-cj-abandoned-connection-cleanup" daemon [_thread_blocked, id=19508, stack(0x000000a77ed00000,0x000000a77ee00000)]
  0x000001c751da7000 JavaThread "http-nio-9000-BlockPoller" daemon [_thread_in_native, id=20208, stack(0x000000a77f200000,0x000000a77f300000)]
  0x000001c751da8000 JavaThread "http-nio-9000-exec-1" daemon [_thread_blocked, id=7652, stack(0x000000a77f300000,0x000000a77f400000)]
  0x000001c751dbb800 JavaThread "http-nio-9000-exec-2" daemon [_thread_blocked, id=11516, stack(0x000000a77f400000,0x000000a77f500000)]
  0x000001c751db8800 JavaThread "http-nio-9000-exec-3" daemon [_thread_blocked, id=12072, stack(0x000000a77f500000,0x000000a77f600000)]
  0x000001c751db6000 JavaThread "http-nio-9000-exec-4" daemon [_thread_blocked, id=22096, stack(0x000000a77f600000,0x000000a77f700000)]
  0x000001c751db9000 JavaThread "http-nio-9000-exec-5" daemon [_thread_blocked, id=17856, stack(0x000000a77f700000,0x000000a77f800000)]
  0x000001c751dba000 JavaThread "http-nio-9000-exec-6" daemon [_thread_blocked, id=21336, stack(0x000000a77f800000,0x000000a77f900000)]
  0x000001c751dbb000 JavaThread "http-nio-9000-exec-7" daemon [_thread_blocked, id=21880, stack(0x000000a77f900000,0x000000a77fa00000)]
  0x000001c751dbc800 JavaThread "http-nio-9000-exec-8" daemon [_thread_blocked, id=15820, stack(0x000000a77fa00000,0x000000a77fb00000)]
  0x000001c751db6800 JavaThread "http-nio-9000-exec-9" daemon [_thread_blocked, id=8036, stack(0x000000a77fb00000,0x000000a77fc00000)]
  0x000001c751db7800 JavaThread "http-nio-9000-exec-10" daemon [_thread_blocked, id=1140, stack(0x000000a77fc00000,0x000000a77fd00000)]
  0x000001c751dce000 JavaThread "http-nio-9000-ClientPoller" daemon [_thread_in_native, id=6860, stack(0x000000a77fd00000,0x000000a77fe00000)]
  0x000001c751dcd000 JavaThread "http-nio-9000-Acceptor" daemon [_thread_in_native, id=7352, stack(0x000000a77fe00000,0x000000a77ff00000)]
  0x000001c751dcf000 JavaThread "DestroyJavaVM" [_thread_blocked, id=20848, stack(0x000000a77d100000,0x000000a77d200000)]
  0x000001c751dcc800 JavaThread "HikariPool-1 housekeeper" daemon [_thread_blocked, id=19880, stack(0x000000a700100000,0x000000a700200000)]
  0x000001c751dcb800 JavaThread "HikariPool-1 connection closer" daemon [_thread_blocked, id=5648, stack(0x000000a700000000,0x000000a700100000)]
  0x000001c751dcf800 JavaThread "HikariPool-1 connection adder" daemon [_thread_blocked, id=7308, stack(0x000000a700200000,0x000000a700300000)]

Other Threads:
=>0x000001c74fa62000 VMThread "VM Thread" [stack: 0x000000a77d700000,0x000000a77d800000] [id=20692]
  0x000001c750a54800 WatcherThread [stack: 0x000000a77e200000,0x000000a77e300000] [id=23208]
  0x000001c730c3c800 GCTaskThread "GC Thread#0" [stack: 0x000000a77d200000,0x000000a77d300000] [id=19448]
  0x000001c750eaa800 GCTaskThread "GC Thread#1" [stack: 0x000000a77e300000,0x000000a77e400000] [id=18488]
  0x000001c750e33800 GCTaskThread "GC Thread#2" [stack: 0x000000a77e400000,0x000000a77e500000] [id=20472]
  0x000001c75113a800 GCTaskThread "GC Thread#3" [stack: 0x000000a77e700000,0x000000a77e800000] [id=10120]
  0x000001c751ba7800 GCTaskThread "GC Thread#4" [stack: 0x000000a77ee00000,0x000000a77ef00000] [id=13948]
  0x000001c751bfa800 GCTaskThread "GC Thread#5" [stack: 0x000000a77ef00000,0x000000a77f000000] [id=8536]
  0x000001c751bfb000 GCTaskThread "GC Thread#6" [stack: 0x000000a77f000000,0x000000a77f100000] [id=23868]
  0x000001c751c35800 GCTaskThread "GC Thread#7" [stack: 0x000000a77f100000,0x000000a77f200000] [id=11804]
  0x000001c730c4e000 ConcurrentGCThread "G1 Main Marker" [stack: 0x000000a77d300000,0x000000a77d400000] [id=3104]
  0x000001c730c50000 ConcurrentGCThread "G1 Conc#0" [stack: 0x000000a77d400000,0x000000a77d500000] [id=8008]
  0x000001c751a4e000 ConcurrentGCThread "G1 Conc#1" [stack: 0x000000a77e600000,0x000000a77e700000] [id=24012]
  0x000001c730c8d800 ConcurrentGCThread "G1 Refine#0" [stack: 0x000000a77d500000,0x000000a77d600000] [id=12492]
  0x000001c750ec3800 ConcurrentGCThread "G1 Refine#1" [stack: 0x000000a77e500000,0x000000a77e600000] [id=16144]
  0x000001c74f8e2800 ConcurrentGCThread "G1 Young RemSet Sampling" [stack: 0x000000a77d600000,0x000000a77d700000] [id=11504]

Threads with active compile tasks:

VM state:at safepoint (normal execution)

VM Mutex/Monitor currently owned by a thread:  ([mutex/lock_event])
[0x000001c730bf40b0] Threads_lock - owner thread: 0x000001c74fa62000
[0x000001c730bf5070] Heap_lock - owner thread: 0x000001c730c4e000

Heap address: 0x0000000081c00000, size: 2020 MB, Compressed Oops mode: 32-bit
Narrow klass base: 0x0000000800000000, Narrow klass shift: 3
Compressed class space size: 1073741824 Address: 0x0000000800b40000

Heap:
 garbage-first heap   total 58368K, used 32243K [0x0000000081c00000, 0x0000000100000000)
  region size 1024K, 4 young (4096K), 2 survivors (2048K)
 Metaspace       used 41294K, capacity 42626K, committed 43216K, reserved 1087488K
  class space    used 5288K, capacity 5797K, committed 6016K, reserved 1048576K
Heap Regions: E=young(eden), S=young(survivor), O=old, HS=humongous(starts), HC=humongous(continues), CS=collection set, F=free, A=archive, TAMS=top-at-mark-start (previous, next)
|   0|0x0000000081c00000, 0x0000000081d00000, 0x0000000081d00000|100%| O|  |TAMS 0x0000000081d00000, 0x0000000081c00000| Updating 
|   1|0x0000000081d00000, 0x0000000081e00000, 0x0000000081e00000|100%| O|  |TAMS 0x0000000081e00000, 0x0000000081d00000| Updating 
|   2|0x0000000081e00000, 0x0000000081f00000, 0x0000000081f00000|100%| O|  |TAMS 0x0000000081f00000, 0x0000000081e00000| Updating 
|   3|0x0000000081f00000, 0x0000000082000000, 0x0000000082000000|100%| O|  |TAMS 0x0000000082000000, 0x0000000081f00000| Updating 
|   4|0x0000000082000000, 0x0000000082100000, 0x0000000082100000|100%| O|  |TAMS 0x0000000082100000, 0x0000000082000000| Updating 
|   5|0x0000000082100000, 0x0000000082200000, 0x0000000082200000|100%| O|  |TAMS 0x0000000082200000, 0x0000000082100000| Updating 
|   6|0x0000000082200000, 0x0000000082300000, 0x0000000082300000|100%| O|  |TAMS 0x0000000082300000, 0x0000000082200000| Updating 
|   7|0x0000000082300000, 0x0000000082400000, 0x0000000082400000|100%| O|  |TAMS 0x0000000082400000, 0x0000000082300000| Updating 
|   8|0x0000000082400000, 0x0000000082500000, 0x0000000082500000|100%| O|  |TAMS 0x0000000082500000, 0x0000000082400000| Updating 
|   9|0x0000000082500000, 0x0000000082500000, 0x0000000082600000|  0%| F|  |TAMS 0x0000000082500000, 0x0000000082500000| Untracked 
|  10|0x0000000082600000, 0x0000000082700000, 0x0000000082700000|100%| O|  |TAMS 0x0000000082700000, 0x0000000082600000| Updating 
|  11|0x0000000082700000, 0x0000000082800000, 0x0000000082800000|100%| O|  |TAMS 0x0000000082800000, 0x0000000082700000| Updating 
|  12|0x0000000082800000, 0x0000000082900000, 0x0000000082900000|100%| O|  |TAMS 0x0000000082900000, 0x0000000082800000| Updating 
|  13|0x0000000082900000, 0x0000000082a00000, 0x0000000082a00000|100%| O|  |TAMS 0x0000000082a00000, 0x0000000082900000| Updating 
|  14|0x0000000082a00000, 0x0000000082b00000, 0x0000000082b00000|100%| O|  |TAMS 0x0000000082b00000, 0x0000000082a00000| Updating 
|  15|0x0000000082b00000, 0x0000000082c00000, 0x0000000082c00000|100%| O|  |TAMS 0x0000000082c00000, 0x0000000082b00000| Updating 
|  16|0x0000000082c00000, 0x0000000082d00000, 0x0000000082d00000|100%| O|  |TAMS 0x0000000082d00000, 0x0000000082c00000| Updating 
|  17|0x0000000082d00000, 0x0000000082e00000, 0x0000000082e00000|100%| O|  |TAMS 0x0000000082e00000, 0x0000000082d00000| Updating 
|  18|0x0000000082e00000, 0x0000000082f00000, 0x0000000082f00000|100%| O|  |TAMS 0x0000000082f00000, 0x0000000082e00000| Updating 
|  19|0x0000000082f00000, 0x0000000083000000, 0x0000000083000000|100%| O|  |TAMS 0x0000000083000000, 0x0000000082f00000| Updating 
|  20|0x0000000083000000, 0x0000000083100000, 0x0000000083100000|100%| O|  |TAMS 0x0000000083100000, 0x0000000083000000| Updating 
|  21|0x0000000083100000, 0x0000000083200000, 0x0000000083200000|100%| O|  |TAMS 0x0000000083200000, 0x0000000083100000| Updating 
|  22|0x0000000083200000, 0x0000000083200000, 0x0000000083300000|  0%| F|  |TAMS 0x0000000083200000, 0x0000000083200000| Untracked 
|  23|0x0000000083300000, 0x0000000083300000, 0x0000000083400000|  0%| F|  |TAMS 0x0000000083300000, 0x0000000083300000| Untracked 
|  24|0x0000000083400000, 0x0000000083400000, 0x0000000083500000|  0%| F|  |TAMS 0x0000000083400000, 0x0000000083400000| Untracked 
|  25|0x0000000083500000, 0x0000000083500000, 0x0000000083600000|  0%| F|  |TAMS 0x0000000083500000, 0x0000000083500000| Untracked 
|  26|0x0000000083600000, 0x0000000083600000, 0x0000000083700000|  0%| F|  |TAMS 0x0000000083600000, 0x0000000083600000| Untracked 
|  27|0x0000000083700000, 0x0000000083800000, 0x0000000083800000|100%| O|  |TAMS 0x0000000083800000, 0x0000000083700000| Updating 
|  28|0x0000000083800000, 0x0000000083900000, 0x0000000083900000|100%| O|  |TAMS 0x0000000083900000, 0x0000000083800000| Updating 
|  29|0x0000000083900000, 0x0000000083a00000, 0x0000000083a00000|100%| O|  |TAMS 0x0000000083a00000, 0x0000000083900000| Updating 
|  30|0x0000000083a00000, 0x0000000083b00000, 0x0000000083b00000|100%| O|  |TAMS 0x0000000083b00000, 0x0000000083a00000| Updating 
|  31|0x0000000083b00000, 0x0000000083c00000, 0x0000000083c00000|100%| O|  |TAMS 0x0000000083c00000, 0x0000000083b00000| Updating 
|  32|0x0000000083c00000, 0x0000000083d00000, 0x0000000083d00000|100%| O|  |TAMS 0x0000000083d00000, 0x0000000083c00000| Updating 
|  33|0x0000000083d00000, 0x0000000083e00000, 0x0000000083e00000|100%| O|  |TAMS 0x0000000083e00000, 0x0000000083d00000| Updating 
|  34|0x0000000083e00000, 0x0000000083f00000, 0x0000000083f00000|100%| O|  |TAMS 0x0000000083f00000, 0x0000000083e00000| Updating 
|  35|0x0000000083f00000, 0x0000000083f8d600, 0x0000000084000000| 55%| O|  |TAMS 0x0000000083f8d600, 0x0000000083f00000| Updating 
|  36|0x0000000084000000, 0x0000000084000000, 0x0000000084100000|  0%| F|  |TAMS 0x0000000084000000, 0x0000000084000000| Untracked 
|  37|0x0000000084100000, 0x0000000084100000, 0x0000000084200000|  0%| F|  |TAMS 0x0000000084100000, 0x0000000084100000| Untracked 
|  38|0x0000000084200000, 0x0000000084200000, 0x0000000084300000|  0%| F|  |TAMS 0x0000000084200000, 0x0000000084200000| Untracked 
|  39|0x0000000084300000, 0x0000000084300000, 0x0000000084400000|  0%| F|  |TAMS 0x0000000084300000, 0x0000000084300000| Untracked 
|  40|0x0000000084400000, 0x0000000084400000, 0x0000000084500000|  0%| F|  |TAMS 0x0000000084400000, 0x0000000084400000| Untracked 
|  41|0x0000000084500000, 0x00000000845ef7c0, 0x0000000084600000| 93%| S|CS|TAMS 0x0000000084500000, 0x0000000084500000| Complete 
|  42|0x0000000084600000, 0x0000000084700000, 0x0000000084700000|100%| S|CS|TAMS 0x0000000084600000, 0x0000000084600000| Complete 
|  43|0x0000000084700000, 0x0000000084700000, 0x0000000084800000|  0%| F|  |TAMS 0x0000000084700000, 0x0000000084700000| Untracked 
|  44|0x0000000084800000, 0x0000000084800000, 0x0000000084900000|  0%| F|  |TAMS 0x0000000084800000, 0x0000000084800000| Untracked 
|  45|0x0000000084900000, 0x0000000084900000, 0x0000000084a00000|  0%| F|  |TAMS 0x0000000084900000, 0x0000000084900000| Untracked 
| 110|0x0000000088a00000, 0x0000000088a00000, 0x0000000088b00000|  0%| F|  |TAMS 0x0000000088a00000, 0x0000000088a00000| Untracked 
| 111|0x0000000088b00000, 0x0000000088b00000, 0x0000000088c00000|  0%| F|  |TAMS 0x0000000088b00000, 0x0000000088b00000| Untracked 
| 112|0x0000000088c00000, 0x0000000088c00000, 0x0000000088d00000|  0%| F|  |TAMS 0x0000000088c00000, 0x0000000088c00000| Untracked 
| 113|0x0000000088d00000, 0x0000000088d00000, 0x0000000088e00000|  0%| F|  |TAMS 0x0000000088d00000, 0x0000000088d00000| Untracked 
| 114|0x0000000088e00000, 0x0000000088ef8db8, 0x0000000088f00000| 97%| E|  |TAMS 0x0000000088e00000, 0x0000000088e00000| Complete 
| 127|0x0000000089b00000, 0x0000000089c00000, 0x0000000089c00000|100%| E|  |TAMS 0x0000000089b00000, 0x0000000089b00000| Complete 

Card table byte_map: [0x000001c748900000,0x000001c748d00000] _byte_map_base: 0x000001c7484f2000

Marking Bits (Prev, Next): (CMBitMap*) 0x000001c730c3d638, (CMBitMap*) 0x000001c730c3d5f8
 Prev Bits: [0x000001c74b090000, 0x000001c74d020000)
 Next Bits: [0x000001c749100000, 0x000001c74b090000)

Polling page: 0x000001c730390000

Metaspace:

Usage:
  Non-class:     35.97 MB capacity,    35.16 MB ( 98%) used,   672.06 KB (  2%) free+waste,   150.25 KB ( <1%) overhead. 
      Class:      5.66 MB capacity,     5.16 MB ( 91%) used,   434.80 KB (  8%) free+waste,    73.94 KB (  1%) overhead. 
       Both:     41.63 MB capacity,    40.33 MB ( 97%) used,     1.08 MB (  3%) free+waste,   224.19 KB ( <1%) overhead. 

Virtual space:
  Non-class space:       38.00 MB reserved,      36.33 MB ( 96%) committed 
      Class space:        1.00 GB reserved,       5.88 MB ( <1%) committed 
             Both:        1.04 GB reserved,      42.20 MB (  4%) committed 

Chunk freelists:
   Non-Class:  331.00 KB
       Class:  155.00 KB
        Both:  486.00 KB

MaxMetaspaceSize: 17179869184.00 GB
CompressedClassSpaceSize: 1.00 GB

CodeHeap 'non-profiled nmethods': size=238336Kb used=8965Kb max_used=8965Kb free=229370Kb
 bounds [0x000001c739800000, 0x000001c73a0d0000, 0x000001c7480c0000]
CodeHeap 'non-nmethods': size=7424Kb used=1307Kb max_used=1307Kb free=6116Kb
 bounds [0x000001c7390c0000, 0x000001c739330000, 0x000001c739800000]
 total_blobs=6204 nmethods=5259 adapters=518
 compilation: enabled
              stopped_count=0, restarted_count=0
 full_count=0

Compilation events (20 events):
Event: 37843.018 Thread 0x000001c74fa8d800 5330       1       com.mysql.cj.protocol.a.NativeProtocol::checkForOutstandingStreamingData (116 bytes)
Event: 37843.019 Thread 0x000001c74fa8d800 nmethod 5330 0x000001c73a0bd190 code [0x000001c73a0bd460, 0x000001c73a0bdc30]
Event: 37843.019 Thread 0x000001c74fa8d800 5331   !   1       com.mysql.cj.protocol.a.NativeProtocol::clearInputStream (69 bytes)
Event: 37843.019 Thread 0x000001c74fa8d800 nmethod 5331 0x000001c73a0be110 code [0x000001c73a0be340, 0x000001c73a0be850]
Event: 37843.023 Thread 0x000001c74fa8d800 5332       1       javax.crypto.Cipher::doFinal (19 bytes)
Event: 37843.023 Thread 0x000001c74fa8d800 nmethod 5332 0x000001c73a0bed10 code [0x000001c73a0beee0, 0x000001c73a0bf0b0]
Event: 37843.023 Thread 0x000001c74fa8d800 5333       1       sun.security.ssl.SSLHandshake::getHandshakeConsumer (172 bytes)
Event: 37843.024 Thread 0x000001c74fa8d800 nmethod 5333 0x000001c73a0bf190 code [0x000001c73a0bf360, 0x000001c73a0bf720]
Event: 37843.030 Thread 0x000001c74fa8d800 5335       1       java.net.InetAddress$InetAddressHolder::getAddress (5 bytes)
Event: 37843.030 Thread 0x000001c74fa8d800 nmethod 5335 0x000001c73a0bfd10 code [0x000001c73a0bfea0, 0x000001c73a0bffd8]
Event: 37843.032 Thread 0x000001c74fa8d800 5336       1       java.util.EnumMap::<init> (35 bytes)
Event: 37843.032 Thread 0x000001c74fa8d800 nmethod 5336 0x000001c73a0c0090 code [0x000001c73a0c0260, 0x000001c73a0c0630]
Event: 37843.032 Thread 0x000001c74fa8d800 5337       1       java.util.EnumMap::getKeyUniverse (10 bytes)
Event: 37843.032 Thread 0x000001c74fa8d800 nmethod 5337 0x000001c73a0c0790 code [0x000001c73a0c0940, 0x000001c73a0c0af0]
Event: 37843.039 Thread 0x000001c74fa8d800 5338       1       java.lang.Throwable::getMessage (5 bytes)
Event: 37843.039 Thread 0x000001c74fa8d800 nmethod 5338 0x000001c73a0c0c10 code [0x000001c73a0c0da0, 0x000001c73a0c0ed8]
Event: 37843.041 Thread 0x000001c74fa8d800 5339       1       sun.security.ssl.SSLSocketImpl::isClosed (5 bytes)
Event: 37843.041 Thread 0x000001c74fa8d800 nmethod 5339 0x000001c73a0c0f90 code [0x000001c73a0c1120, 0x000001c73a0c1258]
Event: 37843.044 Thread 0x000001c74fa8d800 5340       1       com.mysql.cj.conf.DefaultPropertySet::getEnumProperty (6 bytes)
Event: 37843.045 Thread 0x000001c74fa8d800 nmethod 5340 0x000001c73a0c1310 code [0x000001c73a0c14c0, 0x000001c73a0c1610]

GC Heap History (20 events):
Event: 22.439 GC heap before
{Heap before GC invocations=12 (full 0):
 garbage-first heap   total 49152K, used 32296K [0x0000000081c00000, 0x0000000100000000)
  region size 1024K, 17 young (17408K), 3 survivors (3072K)
 Metaspace       used 40563K, capacity 41884K, committed 41936K, reserved 1085440K
  class space    used 5215K, capacity 5717K, committed 5760K, reserved 1048576K
}
Event: 22.442 GC heap after
{Heap after GC invocations=13 (full 0):
 garbage-first heap   total 49152K, used 19436K [0x0000000081c00000, 0x0000000100000000)
  region size 1024K, 3 young (3072K), 3 survivors (3072K)
 Metaspace       used 40563K, capacity 41884K, committed 41936K, reserved 1085440K
  class space    used 5215K, capacity 5717K, committed 5760K, reserved 1048576K
}
Event: 72.578 GC heap before
{Heap before GC invocations=13 (full 0):
 garbage-first heap   total 49152K, used 31724K [0x0000000081c00000, 0x0000000100000000)
  region size 1024K, 16 young (16384K), 3 survivors (3072K)
 Metaspace       used 40773K, capacity 42095K, committed 42320K, reserved 1085440K
  class space    used 5241K, capacity 5762K, committed 5888K, reserved 1048576K
}
Event: 72.581 GC heap after
{Heap after GC invocations=14 (full 0):
 garbage-first heap   total 49152K, used 22442K [0x0000000081c00000, 0x0000000100000000)
  region size 1024K, 2 young (2048K), 2 survivors (2048K)
 Metaspace       used 40773K, capacity 42095K, committed 42320K, reserved 1085440K
  class space    used 5241K, capacity 5762K, committed 5888K, reserved 1048576K
}
Event: 1800.109 GC heap before
{Heap before GC invocations=14 (full 0):
 garbage-first heap   total 49152K, used 33706K [0x0000000081c00000, 0x0000000100000000)
  region size 1024K, 14 young (14336K), 2 survivors (2048K)
 Metaspace       used 41561K, capacity 43064K, committed 43216K, reserved 1087488K
  class space    used 5358K, capacity 5931K, committed 6016K, reserved 1048576K
}
Event: 1800.116 GC heap after
{Heap after GC invocations=15 (full 0):
 garbage-first heap   total 49152K, used 24321K [0x0000000081c00000, 0x0000000100000000)
  region size 1024K, 2 young (2048K), 2 survivors (2048K)
 Metaspace       used 41561K, capacity 43064K, committed 43216K, reserved 1087488K
  class space    used 5358K, capacity 5931K, committed 6016K, reserved 1048576K
}
Event: 3561.776 GC heap before
{Heap before GC invocations=15 (full 0):
 garbage-first heap   total 49152K, used 34561K [0x0000000081c00000, 0x0000000100000000)
  region size 1024K, 13 young (13312K), 2 survivors (2048K)
 Metaspace       used 41595K, capacity 43094K, committed 43216K, reserved 1087488K
  class space    used 5361K, capacity 5936K, committed 6016K, reserved 1048576K
}
Event: 3561.789 GC heap after
{Heap after GC invocations=16 (full 0):
 garbage-first heap   total 49152K, used 26787K [0x0000000081c00000, 0x0000000100000000)
  region size 1024K, 2 young (2048K), 2 survivors (2048K)
 Metaspace       used 41595K, capacity 43094K, committed 43216K, reserved 1087488K
  class space    used 5361K, capacity 5936K, committed 6016K, reserved 1048576K
}
Event: 3587.430 GC heap before
{Heap before GC invocations=17 (full 0):
 garbage-first heap   total 50176K, used 36003K [0x0000000081c00000, 0x0000000100000000)
  region size 1024K, 12 young (12288K), 2 survivors (2048K)
 Metaspace       used 41381K, capacity 42759K, committed 43216K, reserved 1087488K
  class space    used 5311K, capacity 5842K, committed 6016K, reserved 1048576K
}
Event: 3587.436 GC heap after
{Heap after GC invocations=18 (full 0):
 garbage-first heap   total 50176K, used 29311K [0x0000000081c00000, 0x0000000100000000)
  region size 1024K, 2 young (2048K), 2 survivors (2048K)
 Metaspace       used 41381K, capacity 42759K, committed 43216K, reserved 1087488K
  class space    used 5311K, capacity 5842K, committed 6016K, reserved 1048576K
}
Event: 3604.017 GC heap before
{Heap before GC invocations=18 (full 0):
 garbage-first heap   total 50176K, used 30335K [0x0000000081c00000, 0x0000000100000000)
  region size 1024K, 3 young (3072K), 2 survivors (2048K)
 Metaspace       used 41381K, capacity 42759K, committed 43216K, reserved 1087488K
  class space    used 5311K, capacity 5842K, committed 6016K, reserved 1048576K
}
Event: 3604.020 GC heap after
{Heap after GC invocations=19 (full 0):
 garbage-first heap   total 50176K, used 28049K [0x0000000081c00000, 0x0000000100000000)
  region size 1024K, 1 young (1024K), 1 survivors (1024K)
 Metaspace       used 41381K, capacity 42759K, committed 43216K, reserved 1087488K
  class space    used 5311K, capacity 5842K, committed 6016K, reserved 1048576K
}
Event: 5344.590 GC heap before
{Heap before GC invocations=19 (full 0):
 garbage-first heap   total 50176K, used 36241K [0x0000000081c00000, 0x0000000100000000)
  region size 1024K, 10 young (10240K), 1 survivors (1024K)
 Metaspace       used 41381K, capacity 42759K, committed 43216K, reserved 1087488K
  class space    used 5311K, capacity 5842K, committed 6016K, reserved 1048576K
}
Event: 5344.598 GC heap after
{Heap after GC invocations=20 (full 0):
 garbage-first heap   total 50176K, used 30154K [0x0000000081c00000, 0x0000000100000000)
  region size 1024K, 2 young (2048K), 2 survivors (2048K)
 Metaspace       used 41381K, capacity 42759K, committed 43216K, reserved 1087488K
  class space    used 5311K, capacity 5842K, committed 6016K, reserved 1048576K
}
Event: 37832.122 GC heap before
{Heap before GC invocations=21 (full 0):
 garbage-first heap   total 53248K, used 37322K [0x0000000081c00000, 0x0000000100000000)
  region size 1024K, 10 young (10240K), 2 survivors (2048K)
 Metaspace       used 41294K, capacity 42626K, committed 43216K, reserved 1087488K
  class space    used 5288K, capacity 5797K, committed 6016K, reserved 1048576K
}
Event: 37832.126 GC heap after
{Heap after GC invocations=22 (full 0):
 garbage-first heap   total 53248K, used 31804K [0x0000000081c00000, 0x0000000100000000)
  region size 1024K, 2 young (2048K), 2 survivors (2048K)
 Metaspace       used 41294K, capacity 42626K, committed 43216K, reserved 1087488K
  class space    used 5288K, capacity 5797K, committed 6016K, reserved 1048576K
}
Event: 37832.167 GC heap before
{Heap before GC invocations=22 (full 0):
 garbage-first heap   total 53248K, used 32828K [0x0000000081c00000, 0x0000000100000000)
  region size 1024K, 3 young (3072K), 2 survivors (2048K)
 Metaspace       used 41294K, capacity 42626K, committed 43216K, reserved 1087488K
  class space    used 5288K, capacity 5797K, committed 6016K, reserved 1048576K
}
Event: 37832.174 GC heap after
{Heap after GC invocations=23 (full 0):
 garbage-first heap   total 53248K, used 30266K [0x0000000081c00000, 0x0000000100000000)
  region size 1024K, 1 young (1024K), 1 survivors (1024K)
 Metaspace       used 41294K, capacity 42626K, committed 43216K, reserved 1087488K
  class space    used 5288K, capacity 5797K, committed 6016K, reserved 1048576K
}
Event: 37843.025 GC heap before
{Heap before GC invocations=23 (full 0):
 garbage-first heap   total 53248K, used 37434K [0x0000000081c00000, 0x0000000100000000)
  region size 1024K, 9 young (9216K), 1 survivors (1024K)
 Metaspace       used 41294K, capacity 42626K, committed 43216K, reserved 1087488K
  class space    used 5288K, capacity 5797K, committed 6016K, reserved 1048576K
}
Event: 37843.028 GC heap after
{Heap after GC invocations=24 (full 0):
 garbage-first heap   total 53248K, used 32243K [0x0000000081c00000, 0x0000000100000000)
  region size 1024K, 2 young (2048K), 2 survivors (2048K)
 Metaspace       used 41294K, capacity 42626K, committed 43216K, reserved 1087488K
  class space    used 5288K, capacity 5797K, committed 6016K, reserved 1048576K
}

Deoptimization events (4 events):
Event: 2.695 Thread 0x000001c730bf8800 DEOPT PACKING pc=0x000001c739af7573 sp=0x000000a77d1f94a0
Event: 2.695 Thread 0x000001c730bf8800 DEOPT UNPACKING pc=0x000001c73910964e sp=0x000000a77d1f89a8 mode 3
Event: 21.836 Thread 0x000001c751da8000 DEOPT PACKING pc=0x000001c73995de04 sp=0x000000a77f3fbb70
Event: 21.836 Thread 0x000001c751da8000 DEOPT UNPACKING pc=0x000001c73910964e sp=0x000000a77f3fb098 mode 0

Classes unloaded (20 events):
Event: 5344.629 Thread 0x000001c74fa62000 Unloading class 0x00000008010e6840 'java/lang/invoke/LambdaForm$MH'
Event: 5344.629 Thread 0x000001c74fa62000 Unloading class 0x00000008010e6440 'java/lang/invoke/LambdaForm$MH'
Event: 5344.629 Thread 0x000001c74fa62000 Unloading class 0x00000008010e6040 'java/lang/invoke/LambdaForm$MH'
Event: 5344.629 Thread 0x000001c74fa62000 Unloading class 0x00000008010e5c40 'java/lang/invoke/LambdaForm$MH'
Event: 5344.629 Thread 0x000001c74fa62000 Unloading class 0x00000008010e4c40 'java/lang/invoke/LambdaForm$MH'
Event: 5344.629 Thread 0x000001c74fa62000 Unloading class 0x00000008010e4840 'java/lang/invoke/LambdaForm$MH'
Event: 5344.629 Thread 0x000001c74fa62000 Unloading class 0x00000008010e4440 'java/lang/invoke/LambdaForm$MH'
Event: 5344.629 Thread 0x000001c74fa62000 Unloading class 0x00000008010e4040 'java/lang/invoke/LambdaForm$BMH'
Event: 5344.629 Thread 0x000001c74fa62000 Unloading class 0x00000008010e3440 'java/lang/invoke/LambdaForm$MH'
Event: 5344.629 Thread 0x000001c74fa62000 Unloading class 0x00000008010e3040 'java/lang/invoke/LambdaForm$MH'
Event: 5344.629 Thread 0x000001c74fa62000 Unloading class 0x00000008010e2c40 'java/lang/invoke/LambdaForm$MH'
Event: 5344.629 Thread 0x000001c74fa62000 Unloading class 0x00000008010e2840 'java/lang/invoke/LambdaForm$MH'
Event: 5344.629 Thread 0x000001c74fa62000 Unloading class 0x00000008010e2440 'java/lang/invoke/LambdaForm$MH'
Event: 5344.629 Thread 0x000001c74fa62000 Unloading class 0x00000008010e2040 'java/lang/invoke/LambdaForm$MH'
Event: 5344.629 Thread 0x000001c74fa62000 Unloading class 0x00000008010e1c40 'java/lang/invoke/LambdaForm$MH'
Event: 5344.629 Thread 0x000001c74fa62000 Unloading class 0x00000008010e1840 'java/lang/invoke/LambdaForm$MH'
Event: 5344.629 Thread 0x000001c74fa62000 Unloading class 0x00000008010e1440 'java/lang/invoke/LambdaForm$MH'
Event: 5344.629 Thread 0x000001c74fa62000 Unloading class 0x00000008010e1040 'java/lang/invoke/LambdaForm$MH'
Event: 5344.629 Thread 0x000001c74fa62000 Unloading class 0x00000008010e0c40 'java/lang/invoke/LambdaForm$MH'
Event: 5344.629 Thread 0x000001c74fa62000 Unloading class 0x00000008010e0840 'java/lang/invoke/LambdaForm$MH'

Classes redefined (0 events):
No events

Internal exceptions (20 events):
Event: 3579.301 Thread 0x000001c751dcf800 Exception <a 'java/io/IOException'{0x0000000084664050}> (0x0000000084664050) 
thrown [t:/workspace/open/src/hotspot/share/prims/jni.cpp, line 598]
Event: 3580.052 Thread 0x000001c751dcf800 Exception <a 'java/io/IOException'{0x0000000084665bb8}> (0x0000000084665bb8) 
thrown [t:/workspace/open/src/hotspot/share/prims/jni.cpp, line 598]
Event: 3580.052 Thread 0x000001c751dcf800 Exception <a 'java/io/IOException'{0x0000000084666560}> (0x0000000084666560) 
thrown [t:/workspace/open/src/hotspot/share/prims/jni.cpp, line 598]
Event: 3587.408 Thread 0x000001c751dcb800 Exception <a 'java/net/SocketException'{0x00000000843030d0}: Connection reset by peer: shutdown> (0x00000000843030d0) 
thrown [t:/workspace/open/src/hotspot/share/prims/jni.cpp, line 619]
Event: 5318.005 Thread 0x000001c751dca000 Exception <a 'java/net/SocketException'{0x0000000088dfac50}: Connection reset by peer: shutdown> (0x0000000088dfac50) 
thrown [t:/workspace/open/src/hotspot/share/prims/jni.cpp, line 619]
Event: 5328.841 Thread 0x000001c751dcf800 Exception <a 'java/io/IOException'{0x0000000088b4df70}> (0x0000000088b4df70) 
thrown [t:/workspace/open/src/hotspot/share/prims/jni.cpp, line 598]
Event: 5328.842 Thread 0x000001c751dcf800 Exception <a 'java/io/IOException'{0x0000000088b4e918}> (0x0000000088b4e918) 
thrown [t:/workspace/open/src/hotspot/share/prims/jni.cpp, line 598]
Event: 5333.346 Thread 0x000001c751dcf800 Exception <a 'java/io/IOException'{0x00000000846ef838}> (0x00000000846ef838) 
thrown [t:/workspace/open/src/hotspot/share/prims/jni.cpp, line 598]
Event: 5341.239 Thread 0x000001c751dcf800 Exception <a 'java/io/IOException'{0x000000008443b040}> (0x000000008443b040) 
thrown [t:/workspace/open/src/hotspot/share/prims/jni.cpp, line 598]
Event: 5341.239 Thread 0x000001c751dcf800 Exception <a 'java/io/IOException'{0x000000008443b9e8}> (0x000000008443b9e8) 
thrown [t:/workspace/open/src/hotspot/share/prims/jni.cpp, line 598]
Event: 5344.585 Thread 0x000001c751dcf800 Exception <a 'java/io/IOException'{0x000000008443d848}> (0x000000008443d848) 
thrown [t:/workspace/open/src/hotspot/share/prims/jni.cpp, line 598]
Event: 5358.226 Thread 0x000001c751dcf800 Exception <a 'java/io/IOException'{0x0000000089be1358}> (0x0000000089be1358) 
thrown [t:/workspace/open/src/hotspot/share/prims/jni.cpp, line 598]
Event: 5358.226 Thread 0x000001c751dcf800 Exception <a 'java/io/IOException'{0x0000000089be1d00}> (0x0000000089be1d00) 
thrown [t:/workspace/open/src/hotspot/share/prims/jni.cpp, line 598]
Event: 5368.362 Thread 0x000001c751dca000 Exception <a 'java/net/SocketException'{0x0000000088d33610}: Connection reset by peer: shutdown> (0x0000000088d33610) 
thrown [t:/workspace/open/src/hotspot/share/prims/jni.cpp, line 619]
Event: 5380.334 Thread 0x000001c751dca000 Exception <a 'java/io/IOException'{0x0000000088c883b8}> (0x0000000088c883b8) 
thrown [t:/workspace/open/src/hotspot/share/prims/jni.cpp, line 598]
Event: 37842.962 Thread 0x000001c751dcb800 Exception <a 'java/net/SocketException'{0x0000000089b4f368}: Connection reset by peer: shutdown> (0x0000000089b4f368) 
thrown [t:/workspace/open/src/hotspot/share/prims/jni.cpp, line 619]
Event: 37842.962 Thread 0x000001c751dcb800 Exception <a 'java/net/SocketException'{0x0000000089b50cb8}: Connection reset by peer: shutdown> (0x0000000089b50cb8) 
thrown [t:/workspace/open/src/hotspot/share/prims/jni.cpp, line 619]
Event: 37842.963 Thread 0x000001c751dcb800 Exception <a 'java/io/IOException'{0x0000000089b525b8}> (0x0000000089b525b8) 
thrown [t:/workspace/open/src/hotspot/share/prims/jni.cpp, line 598]
Event: 37842.963 Thread 0x000001c751dcb800 Exception <a 'java/io/IOException'{0x0000000089b543c0}> (0x0000000089b543c0) 
thrown [t:/workspace/open/src/hotspot/share/prims/jni.cpp, line 598]
Event: 37842.965 Thread 0x000001c751dcb800 Exception <a 'java/io/IOException'{0x0000000089b6c4d0}> (0x0000000089b6c4d0) 
thrown [t:/workspace/open/src/hotspot/share/prims/jni.cpp, line 598]

Events (20 events):
Event: 37832.174 Executing VM operation: G1CollectForAllocation done
Event: 37842.961 Thread 0x000001c751dcb800 Thread added: 0x000001c751dcb800
Event: 37842.961 Thread 0x000001c751dcf800 Thread added: 0x000001c751dcf800
Event: 37842.963 Executing VM operation: RevokeBias
Event: 37842.963 Executing VM operation: RevokeBias done
Event: 37842.963 Executing VM operation: RevokeBias
Event: 37842.964 Executing VM operation: RevokeBias done
Event: 37842.964 Executing VM operation: BulkRevokeBias
Event: 37842.964 Executing VM operation: BulkRevokeBias done
Event: 37842.965 Executing VM operation: RevokeBias
Event: 37842.966 Executing VM operation: RevokeBias done
Event: 37842.966 Executing VM operation: RevokeBias
Event: 37842.966 Executing VM operation: RevokeBias done
Event: 37842.966 Executing VM operation: RevokeBias
Event: 37842.966 Executing VM operation: RevokeBias done
Event: 37842.966 Executing VM operation: RevokeBias
Event: 37842.966 Executing VM operation: RevokeBias done
Event: 37843.025 Executing VM operation: G1CollectForAllocation
Event: 37843.028 Executing VM operation: G1CollectForAllocation done
Event: 37843.047 Executing VM operation: G1Concurrent


Dynamic libraries:
0x00007ff71f4c0000 - 0x00007ff71f4cf000 	D:\jdk\jdk-13.0.2\bin\java.exe
0x00007ffd2c290000 - 0x00007ffd2c486000 	C:\WINDOWS\SYSTEM32\ntdll.dll
0x00007ffd2b060000 - 0x00007ffd2b11d000 	C:\WINDOWS\System32\KERNEL32.DLL
0x00007ffd29e30000 - 0x00007ffd2a0f9000 	C:\WINDOWS\System32\KERNELBASE.dll
0x00007ffd29d30000 - 0x00007ffd29e30000 	C:\WINDOWS\System32\ucrtbase.dll
0x00007ffd26f40000 - 0x00007ffd26f58000 	D:\jdk\jdk-13.0.2\bin\jli.dll
0x00007ffd24d60000 - 0x00007ffd24d75000 	D:\jdk\jdk-13.0.2\bin\VCRUNTIME140.dll
0x00007ffd2b150000 - 0x00007ffd2b1fc000 	C:\WINDOWS\System32\ADVAPI32.dll
0x00007ffd2aa50000 - 0x00007ffd2aaee000 	C:\WINDOWS\System32\msvcrt.dll
0x00007ffd2bf90000 - 0x00007ffd2c02c000 	C:\WINDOWS\System32\sechost.dll
0x00007ffd2ac10000 - 0x00007ffd2ad3b000 	C:\WINDOWS\System32\RPCRT4.dll
0x00007ffd2bdf0000 - 0x00007ffd2bf90000 	C:\WINDOWS\System32\USER32.dll
0x00007ffd2a100000 - 0x00007ffd2a122000 	C:\WINDOWS\System32\win32u.dll
0x00007ffd1acc0000 - 0x00007ffd1af5b000 	C:\WINDOWS\WinSxS\amd64_microsoft.windows.common-controls_6595b64144ccf1df_6.0.19041.746_none_ca02b4b61b8320a4\COMCTL32.dll
0x00007ffd2af50000 - 0x00007ffd2af7a000 	C:\WINDOWS\System32\GDI32.dll
0x00007ffd29c20000 - 0x00007ffd29d2b000 	C:\WINDOWS\System32\gdi32full.dll
0x00007ffd29b80000 - 0x00007ffd29c1d000 	C:\WINDOWS\System32\msvcp_win.dll
0x00007ffd1bc90000 - 0x00007ffd1bc9a000 	C:\WINDOWS\SYSTEM32\VERSION.dll
0x00007ffd2b120000 - 0x00007ffd2b150000 	C:\WINDOWS\System32\IMM32.DLL
0x00007ffd16cf0000 - 0x00007ffd16d8b000 	D:\jdk\jdk-13.0.2\bin\msvcp140.dll
0x00007ffce29d0000 - 0x00007ffce352d000 	D:\jdk\jdk-13.0.2\bin\server\jvm.dll
0x00007ffd2a5d0000 - 0x00007ffd2a5d8000 	C:\WINDOWS\System32\PSAPI.DLL
0x00007ffd1bf00000 - 0x00007ffd1bf27000 	C:\WINDOWS\SYSTEM32\WINMM.dll
0x00007ffd12bb0000 - 0x00007ffd12bb9000 	C:\WINDOWS\SYSTEM32\WSOCK32.dll
0x00007ffd2afe0000 - 0x00007ffd2b04b000 	C:\WINDOWS\System32\WS2_32.dll
0x00007ffd282d0000 - 0x00007ffd282e2000 	C:\WINDOWS\SYSTEM32\kernel.appcore.dll
0x00007ffd26f80000 - 0x00007ffd26f90000 	D:\jdk\jdk-13.0.2\bin\verify.dll
0x00007ffd22300000 - 0x00007ffd224e4000 	C:\WINDOWS\SYSTEM32\DBGHELP.DLL
0x00007ffd22050000 - 0x00007ffd2207c000 	C:\WINDOWS\SYSTEM32\dbgcore.DLL
0x00007ffd2a240000 - 0x00007ffd2a2c0000 	C:\WINDOWS\System32\bcryptPrimitives.dll
0x00007ffd24650000 - 0x00007ffd24676000 	D:\jdk\jdk-13.0.2\bin\java.dll
0x00007ffd23470000 - 0x00007ffd2347e000 	D:\jdk\jdk-13.0.2\bin\instrument.dll
0x00007ffd23480000 - 0x00007ffd23497000 	D:\jdk\jdk-13.0.2\bin\zip.dll
0x00007ffd24b80000 - 0x00007ffd24b8a000 	D:\jdk\jdk-13.0.2\bin\jimage.dll
0x00007ffd2b200000 - 0x00007ffd2b942000 	C:\WINDOWS\System32\SHELL32.dll
0x00007ffd27900000 - 0x00007ffd28090000 	C:\WINDOWS\SYSTEM32\windows.storage.dll
0x00007ffd2b9d0000 - 0x00007ffd2bd26000 	C:\WINDOWS\System32\combase.dll
0x00007ffd29360000 - 0x00007ffd2938c000 	C:\WINDOWS\SYSTEM32\Wldp.dll
0x00007ffd2bd30000 - 0x00007ffd2bdde000 	C:\WINDOWS\System32\SHCORE.dll
0x00007ffd2af80000 - 0x00007ffd2afd5000 	C:\WINDOWS\System32\shlwapi.dll
0x00007ffd29900000 - 0x00007ffd29926000 	C:\WINDOWS\SYSTEM32\profapi.dll
0x00007ffd1bdd0000 - 0x00007ffd1bde9000 	D:\jdk\jdk-13.0.2\bin\net.dll
0x00007ffd1b670000 - 0x00007ffd1b770000 	C:\WINDOWS\SYSTEM32\WINHTTP.dll
0x00007ffd290e0000 - 0x00007ffd2914a000 	C:\WINDOWS\system32\mswsock.dll
0x00007ffd1bdb0000 - 0x00007ffd1bdc3000 	D:\jdk\jdk-13.0.2\bin\nio.dll
0x00007ffd16590000 - 0x00007ffd165aa000 	D:\IDEA\IntelliJ IDEA 2020.1\bin\breakgen64.dll
0x00007ffd28e10000 - 0x00007ffd28edb000 	C:\WINDOWS\SYSTEM32\DNSAPI.dll
0x00007ffd28dd0000 - 0x00007ffd28e0b000 	C:\WINDOWS\SYSTEM32\IPHLPAPI.DLL
0x00007ffd2bde0000 - 0x00007ffd2bde8000 	C:\WINDOWS\System32\NSI.dll
0x00007ffd1a4e0000 - 0x00007ffd1a4ea000 	C:\Windows\System32\rasadhlp.dll
0x00007ffd1a850000 - 0x00007ffd1a8cf000 	C:\WINDOWS\System32\fwpuclnt.dll
0x00007ffd2a2c0000 - 0x00007ffd2a2e7000 	C:\WINDOWS\System32\bcrypt.dll
0x00007ffd219b0000 - 0x00007ffd219b9000 	D:\jdk\jdk-13.0.2\bin\management.dll
0x00007ffd1bea0000 - 0x00007ffd1beab000 	D:\jdk\jdk-13.0.2\bin\management_ext.dll
0x00007ffd292b0000 - 0x00007ffd292c8000 	C:\WINDOWS\SYSTEM32\CRYPTSP.dll
0x00007ffd28a80000 - 0x00007ffd28ab4000 	C:\WINDOWS\system32\rsaenh.dll
0x00007ffd29880000 - 0x00007ffd298ae000 	C:\WINDOWS\SYSTEM32\USERENV.dll
0x00007ffd292d0000 - 0x00007ffd292dc000 	C:\WINDOWS\SYSTEM32\CRYPTBASE.dll
0x00007ffd21a90000 - 0x00007ffd21aa7000 	C:\WINDOWS\SYSTEM32\dhcpcsvc6.DLL
0x00007ffd22080000 - 0x00007ffd2209d000 	C:\WINDOWS\SYSTEM32\dhcpcsvc.DLL
0x00007ffd06060000 - 0x00007ffd06077000 	C:\WINDOWS\system32\napinsp.dll
0x00007ffd050f0000 - 0x00007ffd0510b000 	C:\WINDOWS\system32\pnrpnsp.dll
0x00007ffd050d0000 - 0x00007ffd050e5000 	C:\WINDOWS\system32\wshbth.dll
0x00007ffd23500000 - 0x00007ffd2351d000 	C:\WINDOWS\system32\NLAapi.dll
0x00007ffd050b0000 - 0x00007ffd050c2000 	C:\WINDOWS\System32\winrnr.dll
0x00007ffd23060000 - 0x00007ffd2306e000 	D:\jdk\jdk-13.0.2\bin\sunmscapi.dll
0x00007ffd29a20000 - 0x00007ffd29b76000 	C:\WINDOWS\System32\CRYPT32.dll
0x00007ffd293d0000 - 0x00007ffd293f7000 	C:\WINDOWS\SYSTEM32\ncrypt.dll
0x00007ffd29390000 - 0x00007ffd293cb000 	C:\WINDOWS\SYSTEM32\NTASN1.dll
0x00007ffd23030000 - 0x00007ffd23055000 	D:\jdk\jdk-13.0.2\bin\sunec.dll

dbghelp: loaded successfully - version: 4.0.5 - missing functions: none
symbol engine: initialized successfully - sym options: 0x614 - pdb path: .;D:\jdk\jdk-13.0.2\bin;C:\WINDOWS\SYSTEM32;C:\WINDOWS\WinSxS\amd64_microsoft.windows.common-controls_6595b64144ccf1df_6.0.19041.746_none_ca02b4b61b8320a4;D:\jdk\jdk-13.0.2\bin\server;D:\IDEA\IntelliJ IDEA 2020.1\bin

VM Arguments:
jvm_args: -XX:TieredStopAtLevel=1 -Xverify:none -Dspring.output.ansi.enabled=always -Dcom.sun.management.jmxremote -Dspring.jmx.enabled=true -Dspring.liveBeansView.mbeanDomain -Dspring.application.admin.enabled=true -javaagent:D:\IDEA\IntelliJ IDEA 2020.1\lib\idea_rt.jar=54501:D:\IDEA\IntelliJ IDEA 2020.1\bin -Dfile.encoding=UTF-8 
java_command: com.tangyi.learn.LearnApplication
java_class_path (initial): D:\代码\learn\target\classes;C:\Users\23267\.m2\repository\org\springframework\boot\spring-boot-starter-jdbc\2.4.3\spring-boot-starter-jdbc-2.4.3.jar;C:\Users\23267\.m2\repository\org\springframework\boot\spring-boot-starter\2.4.3\spring-boot-starter-2.4.3.jar;C:\Users\23267\.m2\repository\org\springframework\boot\spring-boot\2.4.3\spring-boot-2.4.3.jar;C:\Users\23267\.m2\repository\org\springframework\boot\spring-boot-autoconfigure\2.4.3\spring-boot-autoconfigure-2.4.3.jar;C:\Users\23267\.m2\repository\org\springframework\boot\spring-boot-starter-logging\2.4.3\spring-boot-starter-logging-2.4.3.jar;C:\Users\23267\.m2\repository\ch\qos\logback\logback-classic\1.2.3\logback-classic-1.2.3.jar;C:\Users\23267\.m2\repository\ch\qos\logback\logback-core\1.2.3\logback-core-1.2.3.jar;C:\Users\23267\.m2\repository\org\apache\logging\log4j\log4j-to-slf4j\2.13.3\log4j-to-slf4j-2.13.3.jar;C:\Users\23267\.m2\repository\org\apache\logging\log4j\log4j-api\2.13.3\log4j-api-2.13.3.jar;C:\Users\23267\.m2\repository\org\slf4j\jul-to-slf4j\1.7.30\jul-to-slf4j-1.7.30.jar;C:\Users\23267\.m2\repository\jakarta\annotation\jakarta.annotation-api\1.3.5\jakarta.annotation-api-1.3.5.jar;C:\Users\23267\.m2\repository\org\yaml\snakeyaml\1.27\snakeyaml-1.27.jar;C:\Users\23267\.m2\repository\com\zaxxer\HikariCP\3.4.5\HikariCP-3.4.5.jar;C:\Users\23267\.m2\repository\org\slf4j\slf4j-api\1.7.30\slf4j-api-1.7.30.jar;C:\Users\23267\.m2\repository\org\springframework\spring-jdbc\5.3.4\spring-jdbc-5.3.4.jar;C:\Users\23267\.m2\repository\org\springframework\spring-beans\5.3.4\spring-beans-5.3.4.jar;C:\Users\23267\.m2\repository\org\springframework\spring-tx\5.3.4\spring-tx-5.3.4.jar;C:\Users\23267\.m2\repository\org\springframework\boot\spring-boot-starter-web\2.4.3\spring-boot-starter-web-2.4.3.jar;C:\Users\23267\.m2\repository\org\springframework\boot\spring-boot-starter-json\2.4.3\spring-boot-starter-json-2.4.3.jar;C:\Users\23267\.m2\repository\com\fasterxml\jackson\core\jac
Launcher Type: SUN_STANDARD

[Global flags]
     intx CICompilerCount                          = 4                                         {product} {ergonomic}
     uint ConcGCThreads                            = 2                                         {product} {ergonomic}
     uint G1ConcRefinementThreads                  = 8                                         {product} {ergonomic}
   size_t G1HeapRegionSize                         = 1048576                                   {product} {ergonomic}
    uintx GCDrainStackTargetSize                   = 64                                        {product} {ergonomic}
   size_t InitialHeapSize                          = 134217728                                 {product} {ergonomic}
     bool ManagementServer                         = true                                      {product} {command line}
   size_t MarkStackSize                            = 4194304                                   {product} {ergonomic}
   size_t MaxHeapSize                              = 2118123520                                {product} {ergonomic}
   size_t MaxNewSize                               = 1270874112                                {product} {ergonomic}
   size_t MinHeapDeltaBytes                        = 1048576                                   {product} {ergonomic}
   size_t MinHeapSize                              = 8388608                                   {product} {ergonomic}
    uintx NonNMethodCodeHeapSize                   = 7549744                                {pd product} {ergonomic}
    uintx NonProfiledCodeHeapSize                  = 244108496                              {pd product} {ergonomic}
    uintx ProfiledCodeHeapSize                     = 0                                      {pd product} {ergonomic}
    uintx ReservedCodeCacheSize                    = 251658240                              {pd product} {ergonomic}
     bool SegmentedCodeCache                       = true                                      {product} {ergonomic}
   size_t SoftMaxHeapSize                          = 2118123520                             {manageable} {ergonomic}
     intx TieredStopAtLevel                        = 1                                         {product} {command line}
     bool UseCompressedClassPointers               = true                                 {lp64_product} {ergonomic}
     bool UseCompressedOops                        = true                                 {lp64_product} {ergonomic}
     bool UseG1GC                                  = true                                      {product} {ergonomic}
     bool UseLargePagesIndividualAllocation        = false                                  {pd product} {ergonomic}

Logging:
Log output configuration:
 #0: stdout all=warning uptime,level,tags
 #1: stderr all=off uptime,level,tags

Environment Variables:
JAVA_HOME=D:\jdk\jdk-13.0.2
PATH=D:\jdk\jdk-13.0.2\bin;C:\Program Files (x86)\Intel\Intel(R) Management Engine Components\iCLS\;C:\Program Files\Intel\Intel(R) Management Engine Components\iCLS\;C:\Windows\system32;C:\Windows;C:\Windows\System32\Wbem;C:\Windows\System32\WindowsPowerShell\v1.0\;C:\Program Files (x86)\Intel\Intel(R) Management Engine Components\DAL;C:\Program Files\Intel\Intel(R) Management Engine Components\DAL;C:\Program Files (x86)\Intel\Intel(R) Management Engine Components\IPT;C:\Program Files\Intel\Intel(R) Management Engine Components\IPT;C:\Program Files (x86)\NVIDIA Corporation\PhysX\Common;C:\WINDOWS\system32;C:\WINDOWS;C:\WINDOWS\System32\Wbem;C:\WINDOWS\System32\WindowsPowerShell\v1.0\;C:\WINDOWS\System32\OpenSSH\;C:\Program Files (x86)\Google\Chrome\Application;D:\新建文件夹\Redis\;C:\P;ogram Files\Intel\WiFi\bin\;C:\Program Files\Common Files\Intel\WirelessCommon\;D:\git\Git\cmd;D:\vscode\mingw64\mingw64\bin;";D:\tomcat\apache-tomcat-9.0.30\bin";";C:\Program Files\Microsoft SQL Server\Client SDK\ODBC\170\Tools\Binn\;C:\Program Files (x86)\Microsoft SQL Server\150\Tools\Binn\;C:\Program Files\Microsoft SQL Server\150\Tools\Binn\;C:\Program Files\Microsoft SQL Server\150\DTS\Binn\;C:\Program Files (x86)\Microsoft SQL Server\150\DTS\Binn\;D:\mysql\MySQL Server 8.0\bin;D:\python2\python;D:\python2\python\Scripts;C:\Program Files\nodejs\";C:\Program Files\nodejs;C:\Users\23267\AppData\Local\Programs\Python\Python36\Scripts\;C:\Users\23267\AppData\Local\Programs\Python\Python36\;D:\Scripts\;D:\;C:\Users\23267\AppData\Local\Microsoft\WindowsApps;D:\fidder\Fiddler;C:\Users\23267\AppData\Local\GitHubDesktop\bin;D:\maven\apache-maven-3.6.3\bin;D:\vscode\Microsoft VS Code\bin;D:\vscode\mingw64\mingw32\bin;C:\Users\23267\AppData\Local\Microsoft\WindowsApps;C:\Users\23267\AppData\Roaming\npm;
USERNAME=23267
OS=Windows_NT
PROCESSOR_IDENTIFIER=Intel64 Family 6 Model 142 Stepping 10, GenuineIntel



---------------  S Y S T E M  ---------------

OS: Windows 10 , 64 bit Build 19041 (10.0.19041.804)

CPU:total 8 (initial active 8) (4 cores per cpu, 2 threads per core) family 6 model 142 stepping 10, cmov, cx8, fxsr, mmx, sse, sse2, sse3, ssse3, sse4.1, sse4.2, popcnt, avx, avx2, aes, clmul, erms, 3dnowpref, lzcnt, ht, tsc, tscinvbit, bmi1, bmi2, adx, fma

Memory: 4k page, system-wide physical 8076M (612M free)
TotalPageFile size 19340M (AvailPageFile size 4M)
current process WorkingSet (physical memory assigned to process): 150M, peak: 154M
current process commit charge ("private bytes"): 201M, peak: 246M

vm_info: Java HotSpot(TM) 64-Bit Server VM (13.0.2+8) for windows-amd64 JRE (13.0.2+8), built on Dec 11 2019 09:20:33 by "mach5one" with unknown MS VC++:1916

END.
